<?xml version="1.0" encoding="UTF-8"?>
<!-- Generated by org.testng.reporters.JUnitReportReporter -->
<testsuite hostname="DESKTOP-6D90C8O" failures="0" tests="3" name="standarduser.MainTestCases" time="7.594" errors="0" timestamp="2025-04-05T23:33:45 GST" skipped="0">
  <testcase classname="standarduser.MainTestCases" name="Login" time="2.932"/>
  <testcase classname="standarduser.MainTestCases" name="AddToCartItem" time="2.526"/>
  <testcase classname="standarduser.MainTestCases" name="RemoveCartItem" time="2.136"/>
</testsuite> <!-- standarduser.MainTestCases -->
