<?xml version="1.0" encoding="UTF-8"?>
<!-- Generated by org.testng.reporters.JUnitReportReporter -->
<testsuite hostname="DESKTOP-6D90C8O" failures="0" tests="9" name="standarduser.fifthsessiondemo" time="3.044" errors="0" timestamp="2025-04-07T21:07:08 GST" skipped="6">
  <testcase classname="standarduser.fifthsessiondemo" name="Login" time="0.657"/>
  <testcase classname="standarduser.fifthsessiondemo" name="addrandomitem" time="0.452"/>
  <testcase classname="standarduser.fifthsessiondemo" name="checkoutitems" time="1.935"/>
  <testcase classname="standarduser.fifthsessiondemo" name="AddToCartItemskipnothree">
    <skipped/>
  </testcase> <!-- AddToCartItemskipnothree -->
  <testcase classname="standarduser.fifthsessiondemo" name="AddToCartItemsname">
    <skipped/>
  </testcase> <!-- AddToCartItemsname -->
  <testcase classname="standarduser.fifthsessiondemo" name="AddToCartItemskipnoneandthree">
    <skipped/>
  </testcase> <!-- AddToCartItemskipnoneandthree -->
  <testcase classname="standarduser.fifthsessiondemo" name="skipToCartItemsbynamesauce">
    <skipped/>
  </testcase> <!-- skipToCartItemsbynamesauce -->
  <testcase classname="standarduser.fifthsessiondemo" name="AddToCartItemfirsttwoonly">
    <skipped/>
  </testcase> <!-- AddToCartItemfirsttwoonly -->
  <testcase classname="standarduser.fifthsessiondemo" name="AddToCartItemsbynamesauce">
    <skipped/>
  </testcase> <!-- AddToCartItemsbynamesauce -->
</testsuite> <!-- standarduser.fifthsessiondemo -->
