<?xml version="1.0" encoding="UTF-8"?>
<!-- Generated by org.testng.reporters.JUnitReportReporter -->
<testsuite hostname="DESKTOP-6D90C8O" failures="0" tests="5" name="standarduser.fourthsessiondemo" time="1.296" errors="0" timestamp="2025-04-06T12:57:39 GST" skipped="3">
  <testcase classname="standarduser.fourthsessiondemo" name="Login" time="1.016"/>
  <testcase classname="standarduser.fourthsessiondemo" name="AddToCartItemrightonly" time="0.280"/>
  <testcase classname="standarduser.fourthsessiondemo" name="AddToCartItemleft">
    <skipped/>
  </testcase> <!-- AddToCartItemleft -->
  <testcase classname="standarduser.fourthsessiondemo" name="AddToCartItem">
    <skipped/>
  </testcase> <!-- AddToCartItem -->
  <testcase classname="standarduser.fourthsessiondemo" name="AddToCartItemleftonly">
    <skipped/>
  </testcase> <!-- AddToCartItemleftonly -->
</testsuite> <!-- standarduser.fourthsessiondemo -->
