<?xml version="1.0" encoding="UTF-8"?>
<!-- Generated by org.testng.reporters.JUnitReportReporter -->
<testsuite hostname="DESKTOP-6D90C8O" failures="0" tests="3" name="mytestcsesswaglab.MainTestCases" time="5.254" errors="0" timestamp="2025-04-03T23:57:50 GST" skipped="0">
  <testcase classname="mytestcsesswaglab.MainTestCases" name="Login" time="0.918"/>
  <testcase classname="mytestcsesswaglab.MainTestCases" name="AddToCartItem" time="2.194"/>
  <testcase classname="mytestcsesswaglab.MainTestCases" name="RemoveCartItem" time="2.142"/>
</testsuite> <!-- mytestcsesswaglab.MainTestCases -->
